#
# There is insufficient memory for the Java Runtime Environment to continue.
# Native memory allocation (mmap) failed to map 264241152 bytes. Error detail: G1 virtual space
# Possible reasons:
#   The system is out of physical RAM or swap space
#   This process is running with CompressedOops enabled, and the Java Heap may be blocking the growth of the native heap
# Possible solutions:
#   Reduce memory load on the system
#   Increase physical memory or swap space
#   Check if swap backing store is full
#   Decrease Java heap size (-Xmx/-Xms)
#   Decrease number of Java threads
#   Decrease Java thread stack sizes (-Xss)
#   Set larger code cache with -XX:ReservedCodeCacheSize=
#   JVM is running with Zero Based Compressed Oops mode in which the Java heap is
#     placed in the first 32GB address space. The Java Heap base address is the
#     maximum limit for the native heap growth. Please use -XX:HeapBaseMinAddress
#     to set the Java Heap base and to place the Java Heap above 32GB virtual address.
# This output file may be truncated or incomplete.
#
#  Out of Memory Error (os_windows.cpp:3631), pid=61172, tid=59104
#
# JRE version:  (22.0.2+9) (build )
# Java VM: Java HotSpot(TM) 64-Bit Server VM (22.0.2+9-70, mixed mode, sharing, tiered, compressed oops, compressed class ptrs, g1 gc, windows-amd64)
# No core dump will be written. Minidumps are not enabled by default on client versions of Windows
#

---------------  S U M M A R Y ------------

Command Line: -Dfile.encoding=UTF-8 punto_de_venta.Punto_de_venta

Host: 12th Gen Intel(R) Core(TM) i5-12500H, 16 cores, 15G,  Windows 11 , 64 bit Build 22621 (10.0.22621.4391)
Time: Sat Oct 26 16:37:20 2024 Hora estándar central (México) elapsed time: 0.009471 seconds (0d 0h 0m 0s)

---------------  T H R E A D  ---------------

Current thread (0x0000017989190320):  JavaThread "Unknown thread" [_thread_in_vm, id=59104, stack(0x000000189bf00000,0x000000189c000000) (1024K)]

Stack: [0x000000189bf00000,0x000000189c000000]
Native frames: (J=compiled Java code, j=interpreted, Vv=VM code, C=native code)
V  [jvm.dll+0x6e26e9]  (no source info available)
V  [jvm.dll+0x875753]  (no source info available)
V  [jvm.dll+0x877b7e]  (no source info available)
V  [jvm.dll+0x878253]  (no source info available)
V  [jvm.dll+0x27fc86]  (no source info available)
V  [jvm.dll+0x6ded85]  (no source info available)
V  [jvm.dll+0x6d388a]  (no source info available)
V  [jvm.dll+0x358b8a]  (no source info available)
V  [jvm.dll+0x3610b6]  (no source info available)
V  [jvm.dll+0x3b419e]  (no source info available)
V  [jvm.dll+0x3b4448]  (no source info available)
V  [jvm.dll+0x32c5ec]  (no source info available)
V  [jvm.dll+0x32d258]  (no source info available)
V  [jvm.dll+0x83d5ac]  (no source info available)
V  [jvm.dll+0x3c10d1]  (no source info available)
V  [jvm.dll+0x8264cc]  (no source info available)
V  [jvm.dll+0x45bd5e]  (no source info available)
V  [jvm.dll+0x45dbe1]  (no source info available)
C  [jli.dll+0x52a3]  (no source info available)
C  [ucrtbase.dll+0x29333]  (no source info available)
C  [KERNEL32.DLL+0x1259d]  (no source info available)
C  [ntdll.dll+0x5af38]  (no source info available)


---------------  P R O C E S S  ---------------

Threads class SMR info:
_java_thread_list=0x00007ffd09f1c1c8, length=0, elements={
}

Java Threads: ( => current thread )
Total: 0

Other Threads:
  0x000001798b480ec0 WorkerThread "GC Thread#0"                     [id=58884, stack(0x000000189c000000,0x000000189c100000) (1024K)]
  0x000001798b4918c0 ConcurrentGCThread "G1 Main Marker"            [id=56064, stack(0x000000189c100000,0x000000189c200000) (1024K)]
  0x000001798b4923d0 WorkerThread "G1 Conc#0"                       [id=56180, stack(0x000000189c200000,0x000000189c300000) (1024K)]

[error occurred during error reporting (printing all threads), id 0xc0000005, EXCEPTION_ACCESS_VIOLATION (0xc0000005) at pc=0x00007ffd0966f517]
VM state: not at safepoint (not fully initialized)

VM Mutex/Monitor currently owned by a thread:  ([mutex/lock_event])
[0x00007ffd09f9cc80] Heap_lock - owner thread: 0x0000017989190320

Heap address: 0x0000000705e00000, size: 4002 MB, Compressed Oops mode: Zero based, Oop shift amount: 3

CDS archive(s) mapped at: [0x0000000000000000-0x0000000000000000-0x0000000000000000), size 0, SharedBaseAddress: 0x0000000800000000, ArchiveRelocationMode: 1.
Narrow klass base: 0x0000000000000000, Narrow klass shift: 0, Narrow klass range: 0x0

GC Precious Log:
 CardTable entry size: 512
 Card Set container configuration: InlinePtr #cards 4 size 8 Array Of Cards #cards 16 size 48 Howl #buckets 8 coarsen threshold 3686 Howl Bitmap #cards 512 size 80 coarsen threshold 460 Card regions per heap region 1 cards per card region 4096

Heap:
 garbage-first heap   total reserved 4098048K, committed 0K, used 0K [0x0000000705e00000, 0x0000000800000000)
  region size 2048K, 0 young (0K), 0 survivors (0K)

[error occurred during error reporting (printing heap information), id 0xc0000005, EXCEPTION_ACCESS_VIOLATION (0xc0000005) at pc=0x00007ffd09a6e869]
GC Heap History (0 events):
No events

Dll operation events (1 events):
Event: 0.007 Loaded shared library C:\Program Files\Java\jdk-22\bin\java.dll

Deoptimization events (0 events):
No events

Classes loaded (0 events):
No events

Classes unloaded (0 events):
No events

Classes redefined (0 events):
No events

Internal exceptions (0 events):
No events

ZGC Phase Switch (0 events):
No events

VM Operations (0 events):
No events

Memory protections (0 events):
No events

Nmethod flushes (0 events):
No events

Events (0 events):
No events


Dynamic libraries:
0x00007ff715ed0000 - 0x00007ff715ee0000 	C:\Program Files\Java\jdk-22\bin\java.exe
0x00007ffd7d8d0000 - 0x00007ffd7dae7000 	C:\WINDOWS\SYSTEM32\ntdll.dll
0x00007ffd7bc50000 - 0x00007ffd7bd14000 	C:\WINDOWS\System32\KERNEL32.DLL
0x00007ffd7abd0000 - 0x00007ffd7af89000 	C:\WINDOWS\System32\KERNELBASE.dll
0x00007ffd7b360000 - 0x00007ffd7b471000 	C:\WINDOWS\System32\ucrtbase.dll
0x00007ffd71c70000 - 0x00007ffd71c8b000 	C:\Program Files\Java\jdk-22\bin\VCRUNTIME140.dll
0x00007ffd69d30000 - 0x00007ffd69d47000 	C:\Program Files\Java\jdk-22\bin\jli.dll
0x00007ffd7ca10000 - 0x00007ffd7cbbe000 	C:\WINDOWS\System32\USER32.dll
0x00007ffd7b000000 - 0x00007ffd7b026000 	C:\WINDOWS\System32\win32u.dll
0x00007ffd7c910000 - 0x00007ffd7c939000 	C:\WINDOWS\System32\GDI32.dll
0x00007ffd5ec70000 - 0x00007ffd5ef02000 	C:\WINDOWS\WinSxS\amd64_microsoft.windows.common-controls_6595b64144ccf1df_6.0.22621.4391_none_2715d37f73803e96\COMCTL32.dll
0x00007ffd7b030000 - 0x00007ffd7b14b000 	C:\WINDOWS\System32\gdi32full.dll
0x00007ffd7cbc0000 - 0x00007ffd7cc67000 	C:\WINDOWS\System32\msvcrt.dll
0x00007ffd7b150000 - 0x00007ffd7b1ea000 	C:\WINDOWS\System32\msvcp_win.dll
0x00007ffd7bdb0000 - 0x00007ffd7bde1000 	C:\WINDOWS\System32\IMM32.DLL
0x00007ffd744f0000 - 0x00007ffd744fc000 	C:\Program Files\Java\jdk-22\bin\vcruntime140_1.dll
0x00007ffd421f0000 - 0x00007ffd4227e000 	C:\Program Files\Java\jdk-22\bin\msvcp140.dll
0x00007ffd09330000 - 0x00007ffd0a079000 	C:\Program Files\Java\jdk-22\bin\server\jvm.dll
0x00007ffd7c940000 - 0x00007ffd7c9f2000 	C:\WINDOWS\System32\ADVAPI32.dll
0x00007ffd7bfb0000 - 0x00007ffd7c057000 	C:\WINDOWS\System32\sechost.dll
0x00007ffd7b330000 - 0x00007ffd7b358000 	C:\WINDOWS\System32\bcrypt.dll
0x00007ffd7c400000 - 0x00007ffd7c514000 	C:\WINDOWS\System32\RPCRT4.dll
0x00007ffd7c890000 - 0x00007ffd7c901000 	C:\WINDOWS\System32\WS2_32.dll
0x00007ffd7a160000 - 0x00007ffd7a1ad000 	C:\WINDOWS\SYSTEM32\POWRPROF.dll
0x00007ffd730d0000 - 0x00007ffd730da000 	C:\WINDOWS\SYSTEM32\VERSION.dll
0x00007ffd741f0000 - 0x00007ffd74224000 	C:\WINDOWS\SYSTEM32\WINMM.dll
0x00007ffd7a0d0000 - 0x00007ffd7a0e3000 	C:\WINDOWS\SYSTEM32\UMPDC.dll
0x00007ffd79bd0000 - 0x00007ffd79be8000 	C:\WINDOWS\SYSTEM32\kernel.appcore.dll
0x00007ffd70ef0000 - 0x00007ffd70efa000 	C:\Program Files\Java\jdk-22\bin\jimage.dll
0x00007ffd77d70000 - 0x00007ffd77fa2000 	C:\WINDOWS\SYSTEM32\DBGHELP.DLL
0x00007ffd7c060000 - 0x00007ffd7c3ef000 	C:\WINDOWS\System32\combase.dll
0x00007ffd7d580000 - 0x00007ffd7d657000 	C:\WINDOWS\System32\OLEAUT32.dll
0x00007ffd72a30000 - 0x00007ffd72a62000 	C:\WINDOWS\SYSTEM32\dbgcore.DLL
0x00007ffd7b1f0000 - 0x00007ffd7b26b000 	C:\WINDOWS\System32\bcryptPrimitives.dll
0x00007ffd6a380000 - 0x00007ffd6a39e000 	C:\Program Files\Java\jdk-22\bin\java.dll
0x00007ffd7cce0000 - 0x00007ffd7d556000 	C:\WINDOWS\System32\SHELL32.dll
0x00007ffd7c6e0000 - 0x00007ffd7c885000 	C:\WINDOWS\System32\ole32.dll

dbghelp: loaded successfully - version: 4.0.5 - missing functions: none
symbol engine: initialized successfully - sym options: 0x614 - pdb path: .;C:\Program Files\Java\jdk-22\bin;C:\WINDOWS\SYSTEM32;C:\WINDOWS\WinSxS\amd64_microsoft.windows.common-controls_6595b64144ccf1df_6.0.22621.4391_none_2715d37f73803e96;C:\Program Files\Java\jdk-22\bin\server

VM Arguments:
jvm_args: -Dfile.encoding=UTF-8 
java_command: punto_de_venta.Punto_de_venta
java_class_path (initial): C:\Program Files\NetBeans-22\netbeans\java\modules\ext\AbsoluteLayout.jar;C:\Users\Leo65\Downloads\Proyecto POO\Punto_de_venta\build\classes
Launcher Type: SUN_STANDARD

[Global flags]
     intx CICompilerCount                          = 12                                        {product} {ergonomic}
     uint ConcGCThreads                            = 3                                         {product} {ergonomic}
     uint G1ConcRefinementThreads                  = 13                                        {product} {ergonomic}
   size_t G1HeapRegionSize                         = 2097152                                   {product} {ergonomic}
   size_t InitialHeapSize                          = 264241152                                 {product} {ergonomic}
   size_t MarkStackSize                            = 4194304                                   {product} {ergonomic}
   size_t MaxHeapSize                              = 4196401152                                {product} {ergonomic}
   size_t MinHeapDeltaBytes                        = 2097152                                   {product} {ergonomic}
   size_t MinHeapSize                              = 8388608                                   {product} {ergonomic}
    uintx NonNMethodCodeHeapSize                   = 7602480                                {pd product} {ergonomic}
    uintx NonProfiledCodeHeapSize                  = 122027880                              {pd product} {ergonomic}
    uintx ProfiledCodeHeapSize                     = 122027880                              {pd product} {ergonomic}
    uintx ReservedCodeCacheSize                    = 251658240                              {pd product} {ergonomic}
     bool SegmentedCodeCache                       = true                                      {product} {ergonomic}
   size_t SoftMaxHeapSize                          = 4196401152                             {manageable} {ergonomic}
     bool UseCompressedOops                        = true                           {product lp64_product} {ergonomic}
     bool UseG1GC                                  = true                                      {product} {ergonomic}
     bool UseLargePagesIndividualAllocation        = false                                  {pd product} {ergonomic}

Logging:
Log output configuration:
 #0: stdout all=warning uptime,level,tags foldmultilines=false
 #1: stderr all=off uptime,level,tags foldmultilines=false

Environment Variables:
PATH=C:\Program Files\Common Files\Oracle\Java\javapath;C:\Windows\system32;C:\Windows;C:\Windows\System32\Wbem;C:\Windows\System32\WindowsPowerShell\v1.0\;C:\Windows\System32\OpenSSH\;C:\Program Files (x86)\NVIDIA Corporation\PhysX\Common;C:\Program Files\NVIDIA Corporation\NVIDIA NvDLISR;C:\WINDOWS\system32;C:\WINDOWS;C:\WINDOWS\System32\Wbem;C:\WINDOWS\System32\WindowsPowerShell\v1.0\;C:\WINDOWS\System32\OpenSSH\;C:\Program Files\dotnet\;C:\Program Files\Git\cmd;C:\Users\Leo65\AppData\Local\Programs\Python\Python312;C:\Users\Leo65\AppData\Local\Programs\Python\Launcher\;C:\Users\Leo65\AppData\Local\Microsoft\WindowsApps;C:\Users\Leo65\AppData\Local\Programs\Microsoft VS Code\bin;C:\msys64\ucrt64\bin;
USERNAME=Leo65
OS=Windows_NT
PROCESSOR_IDENTIFIER=Intel64 Family 6 Model 154 Stepping 3, GenuineIntel
TMP=C:\Users\Leo65\AppData\Local\Temp
TEMP=C:\Users\Leo65\AppData\Local\Temp




Periodic native trim disabled

---------------  S Y S T E M  ---------------

OS:
 Windows 11 , 64 bit Build 22621 (10.0.22621.4391)
OS uptime: 3 days 21:47 hours
Hyper-V role detected

CPU: total 16 (initial active 16) (8 cores per cpu, 2 threads per core) family 6 model 154 stepping 3 microcode 0x423, cx8, cmov, fxsr, ht, mmx, 3dnowpref, sse, sse2, sse3, ssse3, sse4.1, sse4.2, popcnt, lzcnt, tsc, tscinvbit, avx, avx2, aes, erms, clmul, bmi1, bmi2, adx, sha, fma, vzeroupper, clflush, clflushopt, clwb, hv, serialize, rdtscp, rdpid, fsrm, f16c, cet_ibt, cet_ss
Processor Information for all 16 processors :
  Max Mhz: 2500, Current Mhz: 2500, Mhz Limit: 2500

Memory: 4k page, system-wide physical 16004M (904M free)
TotalPageFile size 65156M (AvailPageFile size 132M)
current process WorkingSet (physical memory assigned to process): 12M, peak: 12M
current process commit charge ("private bytes"): 71M, peak: 323M

vm_info: Java HotSpot(TM) 64-Bit Server VM (22.0.2+9-70) for windows-amd64 JRE (22.0.2+9-70), built on 2024-06-04T16:52:23Z by "mach5one" with MS VC++ 17.6 (VS2022)

END.
